开发IDE：
	公司推荐Eclipse，实际打部分使用IDEA
画图工具：
	Visio --> 类图、时序图、流程图、ER图
代码管理：
	SVN

开发流程：
	1. 立项，开工会
	2. 需求、交互相关工作
	3. 设计、评审工作、开发排期
	4. 通知配管同事创建svn目录（新项目）/申请项目svn权限（新同事）
	5. 开发工作，代码、单元测试、模块测试、集成测试、自测报告、自测缺陷
    6. 代码review：组内评审，工具：Crucible
	7. 提测，标准：自测通过，单测覆盖率75%，MT覆盖率100%，coverity/findbugs警告清零
	8. CI/CD：
		在持续集成平台构建组件项目，编写配置脚本，完成每日构建，生成构建报告,并生成构建文件发送给相关人员
		类型：生产构建、代码检查构建
		构建报告内容：检查日志、compileJava、unitTest、mtJava、coverity、findbugs
	9. 安全缺陷扫描：发版前成果物会有专门的安全缺陷扫描
        在线检测：
			系统扫描：Nessus/绿盟rsas
			端口扫描：SSLcheck
			平台扫描：漏洞扫描iVMS
			移动端：Android/IOS
			病毒检测
			依赖库检测：AppCheck
		离线检测：
			IVMS离线扫描工具
			AWVS
			APPSCAN
		渗透测试
	10. 测试几轮测试、修改缺陷，缺陷回溯
	