1. 需求调研
调研表（excel）：
| 模块  | 调研功能 | 调研要点 | 问题类型 | 期望效果 | 用户群体 | 行业要求 | 优先级 | 时间 | 备注

2. 需求
特性分析及usecase表（excel）
分多个表格，分别是用例图、UX（特性总览）、各个usecase、story、修订记录
1) 特性总览（命名规则，例：日志服务迭代三）
| --------------- 客户问题分析 -------------------------------- | --------------- 特性分析 --------------------------------------------- | --------------- 设计分析
what | why | user scenario（who/when/where/how） | our solution|| 特性编号|特性名称|子特性编号|子特性名称|使用者动机(why)|特性描述(what)|| 用户目标|设计目标(策略、价值)|关键因素(动机、担忧、障碍)|解决方案 SKS推导(Strategy/Key Factor/Solution)
2) UseCase（命名规则，例：支持数据仪表盘设置）
用户： 技术支持和组件负责人
前置条件：技术支持人员具有运维权限
约束：界面响应时间<=3s
	1. 看板管理
				1.1 Actor  进入看板管理页面
				1.2	System 具体的描述步骤项
	2. 数字仪表盘配置
				2.1 Actor  ................
				2.2 System ................
3) story
|usecase编号|story编号|story(描述)|Task(划分)|模块|责任人|工作量(人天)|优先级|owner(需求owner)|计划开始时间|计划结束时间|实际开始时间|实际结束时间|预计交付时间|设计耗时|开发耗时|IT耗时|验收耗时|ST耗时|备注|前端接口
4) 修订记录
|序号|修订人|修订日期|修订内容及理由|审核人

3. 交互
视觉出交互稿，开发参与评审

4. 设计
1) story设计和检查单(见检查单)
 1.1 story清单（必须）
 1.2 设计思路（必须）
 1.3 模块划分和说明（表格）
 1.4 时序图及其说明
 1.5 ER图和表结构
 1.6 接口设计
	 接口说明
	 接口协议
	 认证方式
	 请求类型
	 接口地址
	 输入参数
	 返回属性
	 错误码
	 返回值(示例)
 1.7 安全性设计
 1.8 可配置型、测试性、维护/升级设计
 1.9 异常处理设计
 1.10 测试建议(必须)
 修订记录
2) 总体设计
3) 概要设计
	 
5. 开发
	自测报告(excel)格式：
	|项目名称
	|测试内容
	|测试人员
	|测试日期
	|模块|用例编号|测试内容|前置条件|测试步骤|预期结果|测试结果|备注

6. UT

7. MT

8. IT

9. ST

10. 演示

11. 试点